  AndroidChar.cpp
d:\users\iruss\documents\applechromegame\spaceships\mainchar.h(21): warning C4305: 'initializing': truncation from 'double' to 'float'
d:\users\iruss\documents\applechromegame\spaceships\enemychar.h(23): warning C4305: 'initializing': truncation from 'double' to 'float'
d:\users\iruss\documents\applechromegame\spaceships\enemychar.h(24): warning C4305: 'initializing': truncation from 'double' to 'float'
d:\users\iruss\documents\applechromegame\spaceships\androidchar.cpp(18): warning C4305: 'argument': truncation from 'double' to 'float'
d:\users\iruss\documents\applechromegame\spaceships\androidchar.cpp(18): warning C4244: 'argument': conversion from 'double' to 'float', possible loss of data
d:\users\iruss\documents\applechromegame\spaceships\androidchar.cpp(23): warning C4305: 'argument': truncation from 'double' to 'float'
d:\users\iruss\documents\applechromegame\spaceships\androidchar.cpp(23): warning C4244: 'argument': conversion from 'double' to 'float', possible loss of data
  App.cpp
d:\users\iruss\documents\applechromegame\spaceships\mainchar.h(21): warning C4305: 'initializing': truncation from 'double' to 'float'
d:\users\iruss\documents\applechromegame\spaceships\enemychar.h(23): warning C4305: 'initializing': truncation from 'double' to 'float'
d:\users\iruss\documents\applechromegame\spaceships\enemychar.h(24): warning C4305: 'initializing': truncation from 'double' to 'float'
d:\users\iruss\documents\applechromegame\spaceships\app.cpp(41): warning C4305: 'argument': truncation from 'double' to 'float'
d:\users\iruss\documents\applechromegame\spaceships\app.cpp(42): warning C4305: 'argument': truncation from 'double' to 'float'
d:\users\iruss\documents\applechromegame\spaceships\app.cpp(43): warning C4305: 'argument': truncation from 'double' to 'float'
d:\users\iruss\documents\applechromegame\spaceships\app.cpp(163): warning C4305: 'argument': truncation from 'double' to 'float'
d:\users\iruss\documents\applechromegame\spaceships\app.cpp(164): warning C4305: 'argument': truncation from 'double' to 'float'
d:\users\iruss\documents\applechromegame\spaceships\app.cpp(181): warning C4305: 'argument': truncation from 'double' to 'float'
d:\users\iruss\documents\applechromegame\spaceships\app.cpp(185): warning C4305: 'argument': truncation from 'double' to 'float'
  EnemyChar.cpp
d:\users\iruss\documents\applechromegame\spaceships\mainchar.h(21): warning C4305: 'initializing': truncation from 'double' to 'float'
d:\users\iruss\documents\applechromegame\spaceships\enemychar.h(23): warning C4305: 'initializing': truncation from 'double' to 'float'
d:\users\iruss\documents\applechromegame\spaceships\enemychar.h(24): warning C4305: 'initializing': truncation from 'double' to 'float'
d:\users\iruss\documents\applechromegame\spaceships\enemychar.cpp(18): warning C4244: 'argument': conversion from 'double' to 'float', possible loss of data
d:\users\iruss\documents\applechromegame\spaceships\enemychar.cpp(34): warning C4305: '+=': truncation from 'double' to 'float'
d:\users\iruss\documents\applechromegame\spaceships\enemychar.cpp(42): warning C4305: '+=': truncation from 'double' to 'float'
d:\users\iruss\documents\applechromegame\spaceships\enemychar.cpp(50): warning C4244: 'argument': conversion from 'double' to 'float', possible loss of data
  app_main.cpp
d:\users\iruss\documents\applechromegame\spaceships\mainchar.h(21): warning C4305: 'initializing': truncation from 'double' to 'float'
d:\users\iruss\documents\applechromegame\spaceships\enemychar.h(23): warning C4305: 'initializing': truncation from 'double' to 'float'
d:\users\iruss\documents\applechromegame\spaceships\enemychar.h(24): warning C4305: 'initializing': truncation from 'double' to 'float'
  Generating Code...
  glutapp.vcxproj -> D:\Users\iRuss\Documents\AppleChromeGame\Spaceships\visualc15\obj\glutapp_Debug\glutapp.exe
  glutapp.vcxproj -> obj\glutapp_Debug\glutapp.pdb (Full PDB)
